TN:
SF:./test-coverage.js
FN:6,(anonymous_1)
FN:7,(anonymous_2)
FNF:2
FNH:2
FNDA:1,(anonymous_1)
FNDA:1,(anonymous_2)
DA:3,1
DA:4,1
DA:6,1
DA:7,1
DA:8,1
DA:9,1
LF:6
LH:6
BRF:0
BRH:0
end_of_record
TN:
SF:./test-coverage.js
FN:1,test
FN:42,callbackBased
FN:46,subTest
FNF:3
FNH:1
FNDA:1,test
FNDA:0,callbackBased
FNDA:0,subTest
DA:1,1
DA:2,1
DA:3,1
DA:6,0
DA:7,0
DA:10,0
DA:11,0
DA:14,0
DA:15,0
DA:16,0
DA:19,0
DA:20,0
DA:23,0
DA:24,0
DA:26,0
DA:31,0
DA:32,0
DA:35,0
DA:37,0
DA:39,0
DA:42,1
DA:43,0
DA:46,1
DA:47,0
DA:48,0
LF:25
LH:5
BRDA:2,1,0,1
BRDA:2,1,1,0
BRDA:6,2,0,0
BRDA:6,2,1,0
BRDA:10,3,0,0
BRDA:10,3,1,0
BRDA:15,4,0,0
BRDA:15,4,1,0
BRDA:19,5,0,0
BRDA:19,5,1,0
BRDA:23,6,0,0
BRDA:23,6,1,0
BRDA:24,7,0,0
BRDA:24,7,1,0
BRDA:31,8,0,0
BRDA:31,8,1,0
BRDA:31,9,0,0
BRDA:31,9,1,0
BRDA:31,9,2,0
BRDA:32,10,0,0
BRDA:32,10,1,0
BRDA:35,11,0,0
BRDA:35,11,1,0
BRF:23
BRH:1
end_of_record
