TN:
SF:./test-unit.js
FN:6,(anonymous_1)
FN:7,(anonymous_2)
FN:12,(anonymous_3)
FN:17,(anonymous_4)
FN:22,(anonymous_5)
FN:27,(anonymous_6)
FNF:6
FNH:6
FNDA:1,(anonymous_1)
FNDA:1,(anonymous_2)
FNDA:1,(anonymous_3)
FNDA:1,(anonymous_4)
FNDA:1,(anonymous_5)
FNDA:1,(anonymous_6)
DA:3,1
DA:4,1
DA:6,1
DA:7,1
DA:8,1
DA:9,1
DA:12,1
DA:13,1
DA:14,1
DA:17,1
DA:18,1
DA:19,1
DA:22,1
DA:23,1
DA:24,1
DA:27,1
DA:28,1
DA:29,1
LF:18
LH:18
BRF:0
BRH:0
end_of_record
TN:
SF:./test-coverage.js
FN:1,test
FN:42,callbackBased
FN:46,subTest
FNF:3
FNH:3
FNDA:5,test
FNDA:6,callbackBased
FNDA:9,subTest
DA:1,1
DA:2,5
DA:3,0
DA:6,5
DA:7,0
DA:10,5
DA:11,0
DA:14,5
DA:15,5
DA:16,0
DA:19,5
DA:20,0
DA:23,5
DA:24,4
DA:26,3
DA:31,3
DA:32,3
DA:35,3
DA:37,3
DA:39,3
DA:42,1
DA:43,6
DA:46,1
DA:47,9
DA:48,9
LF:25
LH:20
BRDA:2,1,0,0
BRDA:2,1,1,5
BRDA:6,2,0,0
BRDA:6,2,1,5
BRDA:10,3,0,0
BRDA:10,3,1,5
BRDA:15,4,0,0
BRDA:15,4,1,5
BRDA:19,5,0,0
BRDA:19,5,1,5
BRDA:23,6,0,1
BRDA:23,6,1,4
BRDA:24,7,0,1
BRDA:24,7,1,3
BRDA:31,8,0,3
BRDA:31,8,1,0
BRDA:31,9,0,3
BRDA:31,9,1,3
BRDA:31,9,2,3
BRDA:32,10,0,3
BRDA:32,10,1,0
BRDA:35,11,0,0
BRDA:35,11,1,3
BRF:23
BRH:15
end_of_record
