<?xml version='1.0' encoding='UTF-8'?>
<!DOCTYPE coverage SYSTEM 'http://cobertura.sourceforge.net/xml/coverage-04.dtd'>
<coverage line-rate="0.8636363636363636" branch-rate="0.5268817204301075" lines-covered="76" lines-valid="88" branches-covered="98" branches-valid="186" complexity="0.0" timestamp="1766158321" version="gcovr 4.2"><sources><source>.</source></sources><packages><package name="src" line-rate="0.8636363636363636" branch-rate="0.5268817204301075" complexity="0.0"><classes><class name="main_c" filename="src/main.c" line-rate="0.8636363636363636" branch-rate="0.5268817204301075" complexity="0.0"><methods/><lines><line number="8" hits="3" branch="false"/><line number="9" hits="3" branch="false"/><line number="11" hits="3" branch="true" condition-coverage="50% (3/6)"><conditions><condition number="0" type="jump" coverage="50%"/></conditions></line><line number="12" hits="0" branch="false"/><line number="15" hits="3" branch="true" condition-coverage="50% (4/8)"><conditions><condition number="0" type="jump" coverage="50%"/></conditions></line><line number="16" hits="2" branch="false"/><line number="17" hits="1" branch="true" condition-coverage="12% (1/8)"><conditions><condition number="0" type="jump" coverage="12%"/></conditions></line><line number="18" hits="0" branch="false"/><line number="20" hits="1" branch="false"/><line number="23" hits="3" branch="true" condition-coverage="50% (4/8)"><conditions><condition number="0" type="jump" coverage="50%"/></conditions></line><line number="24" hits="0" branch="false"/><line number="25" hits="3" branch="true" condition-coverage="75% (3/4)"><conditions><condition number="0" type="jump" coverage="75%"/></conditions></line><line number="26" hits="1" branch="false"/><line number="27" hits="2" branch="true" condition-coverage="75% (3/4)"><conditions><condition number="0" type="jump" coverage="75%"/></conditions></line><line number="28" hits="1" branch="false"/><line number="32" hits="3" branch="true" condition-coverage="50% (5/10)"><conditions><condition number="0" type="jump" coverage="50%"/></conditions></line><line number="33" hits="1" branch="false"/><line number="36" hits="3" branch="false"/><line number="40" hits="3" branch="false"/><line number="42" hits="3" branch="true" condition-coverage="50% (3/6)"><conditions><condition number="0" type="jump" coverage="50%"/></conditions></line><line number="43" hits="0" branch="false"/><line number="46" hits="3" branch="true" condition-coverage="62% (5/8)"><conditions><condition number="0" type="jump" coverage="62%"/></conditions></line><line number="47" hits="0" branch="true" condition-coverage="0% (0/4)"><conditions><condition number="0" type="jump" coverage="0%"/></conditions></line><line number="48" hits="1" branch="false"/><line number="51" hits="2" branch="true" condition-coverage="70% (7/10)"><conditions><condition number="0" type="jump" coverage="70%"/></conditions></line><line number="52" hits="1" branch="true" condition-coverage="50% (2/4)"><conditions><condition number="0" type="jump" coverage="50%"/></conditions></line><line number="53" hits="1" branch="false"/><line number="56" hits="1" branch="true" condition-coverage="33% (2/6)"><conditions><condition number="0" type="jump" coverage="33%"/></conditions></line><line number="57" hits="1" branch="false"/><line number="60" hits="0" branch="false"/><line number="65" hits="3" branch="false"/><line number="66" hits="3" branch="false"/><line number="67" hits="3" branch="false"/><line number="68" hits="3" branch="false"/><line number="69" hits="3" branch="false"/><line number="71" hits="3" branch="true" condition-coverage="50% (1/2)"><conditions><condition number="0" type="jump" coverage="50%"/></conditions></line><line number="72" hits="0" branch="false"/><line number="75" hits="3" branch="true" condition-coverage="66% (4/6)"><conditions><condition number="0" type="jump" coverage="66%"/></conditions></line><line number="76" hits="1" branch="false"/><line number="79" hits="2" branch="true" condition-coverage="25% (2/8)"><conditions><condition number="0" type="jump" coverage="25%"/></conditions></line><line number="80" hits="0" branch="false"/><line number="83" hits="2" branch="true" condition-coverage="16% (1/6)"><conditions><condition number="0" type="jump" coverage="16%"/></conditions></line><line number="84" hits="0" branch="false"/><line number="87" hits="2" branch="false"/><line number="91" hits="3" branch="false"/><line number="92" hits="3" branch="true" condition-coverage="50% (2/4)"><conditions><condition number="0" type="jump" coverage="50%"/></conditions></line><line number="94" hits="3" branch="false"/><line number="95" hits="23" branch="true" condition-coverage="100% (2/2)"><conditions><condition number="0" type="jump" coverage="100%"/></conditions></line><line number="96" hits="20" branch="false"/><line number="97" hits="20" branch="true" condition-coverage="100% (4/4)"><conditions><condition number="0" type="jump" coverage="100%"/></conditions></line><line number="98" hits="18" branch="true" condition-coverage="100% (4/4)"><conditions><condition number="0" type="jump" coverage="100%"/></conditions></line><line number="99" hits="18" branch="true" condition-coverage="100% (10/10)"><conditions><condition number="0" type="jump" coverage="100%"/></conditions></line><line number="100" hits="10" branch="true" condition-coverage="75% (3/4)"><conditions><condition number="0" type="jump" coverage="75%"/></conditions></line><line number="101" hits="1" branch="false"/><line number="104" hits="3" branch="false"/><line number="105" hits="3" branch="true" condition-coverage="75% (6/8)"><conditions><condition number="0" type="jump" coverage="75%"/></conditions></line><line number="106" hits="3" branch="true" condition-coverage="33% (2/6)"><conditions><condition number="0" type="jump" coverage="33%"/></conditions></line><line number="107" hits="3" branch="false"/><line number="111" hits="3" branch="false"/><line number="112" hits="3" branch="false"/><line number="113" hits="3" branch="true" condition-coverage="58% (7/12)"><conditions><condition number="0" type="jump" coverage="58%"/></conditions></line><line number="115" hits="2" branch="false"/><line number="116" hits="1" branch="true" condition-coverage="33% (2/6)"><conditions><condition number="0" type="jump" coverage="33%"/></conditions></line><line number="117" hits="1" branch="false"/><line number="118" hits="0" branch="true" condition-coverage="0% (0/10)"><conditions><condition number="0" type="jump" coverage="0%"/></conditions></line><line number="119" hits="0" branch="false"/><line number="121" hits="0" branch="false"/><line number="124" hits="3" branch="true" condition-coverage="75% (6/8)"><conditions><condition number="0" type="jump" coverage="75%"/></conditions></line><line number="125" hits="1" branch="false"/><line number="127" hits="3" branch="false"/><line number="130" hits="1" branch="false"/><line number="131" hits="1" branch="false"/><line number="134" hits="1" branch="false"/><line number="135" hits="1" branch="false"/><line number="136" hits="1" branch="false"/><line number="138" hits="1" branch="false"/><line number="139" hits="1" branch="false"/><line number="140" hits="1" branch="false"/><line number="142" hits="1" branch="false"/><line number="143" hits="1" branch="false"/><line number="144" hits="1" branch="false"/><line number="146" hits="1" branch="false"/><line number="147" hits="1" branch="false"/><line number="148" hits="1" branch="false"/><line number="150" hits="1" branch="false"/><line number="151" hits="1" branch="false"/><line number="152" hits="1" branch="false"/><line number="154" hits="1" branch="false"/></lines></class></classes></package></packages></coverage>